# JRE version: OpenJDK Runtime Environment (11.0.11+9) (build 11.0.11+9-b60-7590822)
# Java VM: OpenJDK 64-Bit Server VM (11.0.11+9-b60-7590822, mixed mode, tiered, compressed oops, g1 gc, windows-amd64)
Heap:
 garbage-first heap   total 98304K, used 64489K [0x00000000c0000000, 0x0000000100000000)
  region size 1024K, 5 young (5120K), 2 survivors (2048K)
 Metaspace       used 50581K, capacity 52167K, committed 52380K, reserved 1095680K
  class space    used 6473K, capacity 6974K, committed 6988K, reserved 1048576K
GC Heap History (20 events):
Event: 6.453 GC heap before
{Heap before GC invocations=7 (full 0):
 garbage-first heap   total 98304K, used 70067K [0x00000000c0000000, 0x0000000100000000)
  region size 1024K, 42 young (43008K), 6 survivors (6144K)
 Metaspace       used 33892K, capacity 34912K, committed 35068K, reserved 1079296K
  class space    used 4515K, capacity 4892K, committed 4940K, reserved 1048576K
}
Event: 6.462 GC heap after
{Heap after GC invocations=8 (full 0):
 garbage-first heap   total 98304K, used 35679K [0x00000000c0000000, 0x0000000100000000)
  region size 1024K, 3 young (3072K), 3 survivors (3072K)
 Metaspace       used 33892K, capacity 34912K, committed 35068K, reserved 1079296K
  class space    used 4515K, capacity 4892K, committed 4940K, reserved 1048576K
}
Event: 6.530 GC heap before
{Heap before GC invocations=8 (full 0):
 garbage-first heap   total 98304K, used 36703K [0x00000000c0000000, 0x0000000100000000)
  region size 1024K, 5 young (5120K), 3 survivors (3072K)
 Metaspace       used 34830K, capacity 35784K, committed 35964K, reserved 1081344K
  class space    used 4563K, capacity 4929K, committed 5068K, reserved 1048576K
}
Event: 6.536 GC heap after
{Heap after GC invocations=9 (full 0):
 garbage-first heap   total 98304K, used 36099K [0x00000000c0000000, 0x0000000100000000)
  region size 1024K, 3 young (3072K), 3 survivors (3072K)
 Metaspace       used 34830K, capacity 35784K, committed 35964K, reserved 1081344K
  class space    used 4563K, capacity 4929K, committed 5068K, reserved 1048576K
}
Event: 7.281 GC heap before
{Heap before GC invocations=10 (full 0):
 garbage-first heap   total 98304K, used 72963K [0x00000000c0000000, 0x0000000100000000)
  region size 1024K, 39 young (39936K), 3 survivors (3072K)
 Metaspace       used 38550K, capacity 39552K, committed 39836K, reserved 1083392K
  class space    used 5003K, capacity 5392K, committed 5452K, reserved 1048576K
}
Event: 7.291 GC heap after
{Heap after GC invocations=11 (full 0):
 garbage-first heap   total 98304K, used 39383K [0x00000000c0000000, 0x0000000100000000)
  region size 1024K, 5 young (5120K), 5 survivors (5120K)
 Metaspace       used 38550K, capacity 39552K, committed 39836K, reserved 1083392K
  class space    used 5003K, capacity 5392K, committed 5452K, reserved 1048576K
}
Event: 8.042 GC heap before
{Heap before GC invocations=12 (full 0):
 garbage-first heap   total 98304K, used 77271K [0x00000000c0000000, 0x0000000100000000)
  region size 1024K, 40 young (40960K), 5 survivors (5120K)
 Metaspace       used 42461K, capacity 43559K, committed 43676K, reserved 1087488K
  class space    used 5455K, capacity 5855K, committed 5964K, reserved 1048576K
}
Event: 8.049 GC heap after
{Heap after GC invocations=13 (full 0):
 garbage-first heap   total 98304K, used 41225K [0x00000000c0000000, 0x0000000100000000)
  region size 1024K, 2 young (2048K), 2 survivors (2048K)
 Metaspace       used 42461K, capacity 43559K, committed 43676K, reserved 1087488K
  class space    used 5455K, capacity 5855K, committed 5964K, reserved 1048576K
}
Event: 8.772 GC heap before
{Heap before GC invocations=13 (full 0):
 garbage-first heap   total 98304K, used 79113K [0x00000000c0000000, 0x0000000100000000)
  region size 1024K, 36 young (36864K), 2 survivors (2048K)
 Metaspace       used 45218K, capacity 46432K, committed 46748K, reserved 1089536K
  class space    used 5700K, capacity 6140K, committed 6220K, reserved 1048576K
}
Event: 8.777 GC heap after
{Heap after GC invocations=14 (full 0):
 garbage-first heap   total 98304K, used 48224K [0x00000000c0000000, 0x0000000100000000)
  region size 1024K, 5 young (5120K), 5 survivors (5120K)
 Metaspace       used 45218K, capacity 46432K, committed 46748K, reserved 1089536K
  class space    used 5700K, capacity 6140K, committed 6220K, reserved 1048576K
}
Event: 9.281 GC heap before
{Heap before GC invocations=14 (full 0):
 garbage-first heap   total 98304K, used 75872K [0x00000000c0000000, 0x0000000100000000)
  region size 1024K, 33 young (33792K), 5 survivors (5120K)
 Metaspace       used 46422K, capacity 47633K, committed 47900K, reserved 1091584K
  class space    used 5896K, capacity 6325K, committed 6348K, reserved 1048576K
}
Event: 9.290 GC heap after
{Heap after GC invocations=15 (full 0):
 garbage-first heap   total 98304K, used 50719K [0x00000000c0000000, 0x0000000100000000)
  region size 1024K, 3 young (3072K), 3 survivors (3072K)
 Metaspace       used 46422K, capacity 47633K, committed 47900K, reserved 1091584K
  class space    used 5896K, capacity 6325K, committed 6348K, reserved 1048576K
}
Event: 9.778 GC heap before
{Heap before GC invocations=16 (full 0):
 garbage-first heap   total 98304K, used 82463K [0x00000000c0000000, 0x0000000100000000)
  region size 1024K, 30 young (30720K), 3 survivors (3072K)
 Metaspace       used 47963K, capacity 49395K, committed 49564K, reserved 1091584K
  class space    used 6159K, capacity 6637K, committed 6732K, reserved 1048576K
}
Event: 9.783 GC heap after
{Heap after GC invocations=17 (full 0):
 garbage-first heap   total 98304K, used 56367K [0x00000000c0000000, 0x0000000100000000)
  region size 1024K, 4 young (4096K), 4 survivors (4096K)
 Metaspace       used 47963K, capacity 49395K, committed 49564K, reserved 1091584K
  class space    used 6159K, capacity 6637K, committed 6732K, reserved 1048576K
}
Event: 10.240 GC heap before
{Heap before GC invocations=17 (full 0):
 garbage-first heap   total 98304K, used 80943K [0x00000000c0000000, 0x0000000100000000)
  region size 1024K, 28 young (28672K), 4 survivors (4096K)
 Metaspace       used 49623K, capacity 51053K, committed 51356K, reserved 1093632K
  class space    used 6372K, capacity 6867K, committed 6988K, reserved 1048576K
}
Event: 10.254 GC heap after
{Heap after GC invocations=18 (full 0):
 garbage-first heap   total 98304K, used 57910K [0x00000000c0000000, 0x0000000100000000)
  region size 1024K, 4 young (4096K), 4 survivors (4096K)
 Metaspace       used 49623K, capacity 51053K, committed 51356K, reserved 1093632K
  class space    used 6372K, capacity 6867K, committed 6988K, reserved 1048576K
}
Event: 10.657 GC heap before
{Heap before GC invocations=19 (full 0):
 garbage-first heap   total 98304K, used 80438K [0x00000000c0000000, 0x0000000100000000)
  region size 1024K, 27 young (27648K), 4 survivors (4096K)
 Metaspace       used 50302K, capacity 51842K, committed 52124K, reserved 1095680K
  class space    used 6438K, capacity 6934K, committed 6988K, reserved 1048576K
}
Event: 10.662 GC heap after
{Heap after GC invocations=20 (full 0):
 garbage-first heap   total 98304K, used 58907K [0x00000000c0000000, 0x0000000100000000)
  region size 1024K, 3 young (3072K), 3 survivors (3072K)
 Metaspace       used 50302K, capacity 51842K, committed 52124K, reserved 1095680K
  class space    used 6438K, capacity 6934K, committed 6988K, reserved 1048576K
}
Event: 10.791 GC heap before
{Heap before GC invocations=20 (full 0):
 garbage-first heap   total 98304K, used 65051K [0x00000000c0000000, 0x0000000100000000)
  region size 1024K, 10 young (10240K), 3 survivors (3072K)
 Metaspace       used 50571K, capacity 52167K, committed 52380K, reserved 1095680K
  class space    used 6473K, capacity 6974K, committed 6988K, reserved 1048576K
}
Event: 10.798 GC heap after
{Heap after GC invocations=21 (full 0):
 garbage-first heap   total 98304K, used 59369K [0x00000000c0000000, 0x0000000100000000)
  region size 1024K, 2 young (2048K), 2 survivors (2048K)
 Metaspace       used 50571K, capacity 52167K, committed 52380K, reserved 1095680K
  class space    used 6473K, capacity 6974K, committed 6988K, reserved 1048576K
}

