# JRE version: OpenJDK Runtime Environment (11.0.11+9) (build 11.0.11+9-b60-7590822)
# Java VM: OpenJDK 64-Bit Server VM (11.0.11+9-b60-7590822, mixed mode, tiered, compressed oops, g1 gc, windows-amd64)
Heap:
 garbage-first heap   total 98304K, used 58747K [0x0000000080000000, 0x0000000100000000)
  region size 1024K, 6 young (6144K), 3 survivors (3072K)
 Metaspace       used 50394K, capacity 51944K, committed 52168K, reserved 1095680K
  class space    used 6429K, capacity 6924K, committed 7040K, reserved 1048576K
GC Heap History (20 events):
Event: 9.726 GC heap before
{Heap before GC invocations=6 (full 0):
 garbage-first heap   total 98304K, used 67339K [0x0000000080000000, 0x0000000100000000)
  region size 1024K, 44 young (45056K), 4 survivors (4096K)
 Metaspace       used 28145K, capacity 28966K, committed 29104K, reserved 1075200K
  class space    used 3728K, capacity 4035K, committed 4096K, reserved 1048576K
}
Event: 9.733 GC heap after
{Heap after GC invocations=7 (full 0):
 garbage-first heap   total 98304K, used 32353K [0x0000000080000000, 0x0000000100000000)
  region size 1024K, 6 young (6144K), 6 survivors (6144K)
 Metaspace       used 28145K, capacity 28966K, committed 29104K, reserved 1075200K
  class space    used 3728K, capacity 4035K, committed 4096K, reserved 1048576K
}
Event: 10.363 GC heap before
{Heap before GC invocations=7 (full 0):
 garbage-first heap   total 98304K, used 67169K [0x0000000080000000, 0x0000000100000000)
  region size 1024K, 40 young (40960K), 6 survivors (6144K)
 Metaspace       used 32719K, capacity 33633K, committed 33968K, reserved 1079296K
  class space    used 4425K, capacity 4763K, committed 4864K, reserved 1048576K
}
Event: 10.370 GC heap after
{Heap after GC invocations=8 (full 0):
 garbage-first heap   total 98304K, used 34170K [0x0000000080000000, 0x0000000100000000)
  region size 1024K, 2 young (2048K), 2 survivors (2048K)
 Metaspace       used 32719K, capacity 33633K, committed 33968K, reserved 1079296K
  class space    used 4425K, capacity 4763K, committed 4864K, reserved 1048576K
}
Event: 10.614 GC heap before
{Heap before GC invocations=8 (full 0):
 garbage-first heap   total 98304K, used 40314K [0x0000000080000000, 0x0000000100000000)
  region size 1024K, 9 young (9216K), 2 survivors (2048K)
 Metaspace       used 34537K, capacity 35477K, committed 35632K, reserved 1079296K
  class space    used 4541K, capacity 4888K, committed 4992K, reserved 1048576K
}
Event: 10.621 GC heap after
{Heap after GC invocations=9 (full 0):
 garbage-first heap   total 98304K, used 34939K [0x0000000080000000, 0x0000000100000000)
  region size 1024K, 3 young (3072K), 3 survivors (3072K)
 Metaspace       used 34537K, capacity 35477K, committed 35632K, reserved 1079296K
  class space    used 4541K, capacity 4888K, committed 4992K, reserved 1048576K
}
Event: 11.156 GC heap before
{Heap before GC invocations=10 (full 0):
 garbage-first heap   total 98304K, used 65659K [0x0000000080000000, 0x0000000100000000)
  region size 1024K, 34 young (34816K), 3 survivors (3072K)
 Metaspace       used 38188K, capacity 39255K, committed 39496K, reserved 1083392K
  class space    used 4948K, capacity 5356K, committed 5376K, reserved 1048576K
}
Event: 11.163 GC heap after
{Heap after GC invocations=11 (full 0):
 garbage-first heap   total 98304K, used 38359K [0x0000000080000000, 0x0000000100000000)
  region size 1024K, 5 young (5120K), 5 survivors (5120K)
 Metaspace       used 38188K, capacity 39255K, committed 39496K, reserved 1083392K
  class space    used 4948K, capacity 5356K, committed 5376K, reserved 1048576K
}
Event: 12.013 GC heap before
{Heap before GC invocations=11 (full 0):
 garbage-first heap   total 98304K, used 73175K [0x0000000080000000, 0x0000000100000000)
  region size 1024K, 36 young (36864K), 5 survivors (5120K)
 Metaspace       used 41686K, capacity 42824K, committed 42952K, reserved 1087488K
  class space    used 5336K, capacity 5733K, committed 5760K, reserved 1048576K
}
Event: 12.020 GC heap after
{Heap after GC invocations=12 (full 0):
 garbage-first heap   total 98304K, used 40589K [0x0000000080000000, 0x0000000100000000)
  region size 1024K, 3 young (3072K), 3 survivors (3072K)
 Metaspace       used 41686K, capacity 42824K, committed 42952K, reserved 1087488K
  class space    used 5336K, capacity 5733K, committed 5760K, reserved 1048576K
}
Event: 13.219 GC heap before
{Heap before GC invocations=12 (full 0):
 garbage-first heap   total 98304K, used 74381K [0x0000000080000000, 0x0000000100000000)
  region size 1024K, 33 young (33792K), 3 survivors (3072K)
 Metaspace       used 43496K, capacity 44718K, committed 44872K, reserved 1087488K
  class space    used 5586K, capacity 6036K, committed 6144K, reserved 1048576K
}
Event: 13.224 GC heap after
{Heap after GC invocations=13 (full 0):
 garbage-first heap   total 98304K, used 46391K [0x0000000080000000, 0x0000000100000000)
  region size 1024K, 5 young (5120K), 5 survivors (5120K)
 Metaspace       used 43496K, capacity 44718K, committed 44872K, reserved 1087488K
  class space    used 5586K, capacity 6036K, committed 6144K, reserved 1048576K
}
Event: 13.565 GC heap before
{Heap before GC invocations=13 (full 0):
 garbage-first heap   total 98304K, used 75063K [0x0000000080000000, 0x0000000100000000)
  region size 1024K, 33 young (33792K), 5 survivors (5120K)
 Metaspace       used 45409K, capacity 46756K, committed 47048K, reserved 1089536K
  class space    used 5721K, capacity 6180K, committed 6272K, reserved 1048576K
}
Event: 13.572 GC heap after
{Heap after GC invocations=14 (full 0):
 garbage-first heap   total 98304K, used 48740K [0x0000000080000000, 0x0000000100000000)
  region size 1024K, 3 young (3072K), 3 survivors (3072K)
 Metaspace       used 45409K, capacity 46756K, committed 47048K, reserved 1089536K
  class space    used 5721K, capacity 6180K, committed 6272K, reserved 1048576K
}
Event: 13.837 GC heap before
{Heap before GC invocations=14 (full 0):
 garbage-first heap   total 98304K, used 62052K [0x0000000080000000, 0x0000000100000000)
  region size 1024K, 17 young (17408K), 3 survivors (3072K)
 Metaspace       used 46435K, capacity 47700K, committed 47944K, reserved 1091584K
  class space    used 5886K, capacity 6325K, committed 6400K, reserved 1048576K
}
Event: 13.844 GC heap after
{Heap after GC invocations=15 (full 0):
 garbage-first heap   total 98304K, used 49581K [0x0000000080000000, 0x0000000100000000)
  region size 1024K, 1 young (1024K), 1 survivors (1024K)
 Metaspace       used 46435K, capacity 47700K, committed 47944K, reserved 1091584K
  class space    used 5886K, capacity 6325K, committed 6400K, reserved 1048576K
}
Event: 14.344 GC heap before
{Heap before GC invocations=16 (full 0):
 garbage-first heap   total 98304K, used 80301K [0x0000000080000000, 0x0000000100000000)
  region size 1024K, 27 young (27648K), 1 survivors (1024K)
 Metaspace       used 47830K, capacity 49267K, committed 49480K, reserved 1091584K
  class space    used 6122K, capacity 6572K, committed 6656K, reserved 1048576K
}
Event: 14.347 GC heap after
{Heap after GC invocations=17 (full 0):
 garbage-first heap   total 98304K, used 55216K [0x0000000080000000, 0x0000000100000000)
  region size 1024K, 3 young (3072K), 3 survivors (3072K)
 Metaspace       used 47830K, capacity 49267K, committed 49480K, reserved 1091584K
  class space    used 6122K, capacity 6572K, committed 6656K, reserved 1048576K
}
Event: 14.991 GC heap before
{Heap before GC invocations=17 (full 0):
 garbage-first heap   total 98304K, used 78768K [0x0000000080000000, 0x0000000100000000)
  region size 1024K, 26 young (26624K), 3 survivors (3072K)
 Metaspace       used 49527K, capacity 50925K, committed 51272K, reserved 1093632K
  class space    used 6358K, capacity 6803K, committed 6912K, reserved 1048576K
}
Event: 14.999 GC heap after
{Heap after GC invocations=18 (full 0):
 garbage-first heap   total 98304K, used 56490K [0x0000000080000000, 0x0000000100000000)
  region size 1024K, 3 young (3072K), 3 survivors (3072K)
 Metaspace       used 49527K, capacity 50925K, committed 51272K, reserved 1093632K
  class space    used 6358K, capacity 6803K, committed 6912K, reserved 1048576K
}

