# JRE version: OpenJDK Runtime Environment (11.0.11+9) (build 11.0.11+9-b60-7590822)
# Java VM: OpenJDK 64-Bit Server VM (11.0.11+9-b60-7590822, mixed mode, tiered, compressed oops, g1 gc, windows-amd64)
Heap:
 garbage-first heap   total 98304K, used 73429K [0x00000000c0000000, 0x0000000100000000)
  region size 1024K, 4 young (4096K), 3 survivors (3072K)
 Metaspace       used 50711K, capacity 52237K, committed 52352K, reserved 1095680K
  class space    used 6471K, capacity 6995K, committed 7040K, reserved 1048576K
GC Heap History (20 events):
Event: 21.774 GC heap before
{Heap before GC invocations=8 (full 0):
 garbage-first heap   total 98304K, used 71141K [0x00000000c0000000, 0x0000000100000000)
  region size 1024K, 38 young (38912K), 3 survivors (3072K)
 Metaspace       used 38654K, capacity 39762K, committed 40064K, reserved 1083392K
  class space    used 5011K, capacity 5397K, committed 5504K, reserved 1048576K
}
Event: 21.783 GC heap after
{Heap after GC invocations=9 (full 0):
 garbage-first heap   total 98304K, used 38435K [0x00000000c0000000, 0x0000000100000000)
  region size 1024K, 5 young (5120K), 5 survivors (5120K)
 Metaspace       used 38654K, capacity 39762K, committed 40064K, reserved 1083392K
  class space    used 5011K, capacity 5397K, committed 5504K, reserved 1048576K
}
Event: 22.548 GC heap before
{Heap before GC invocations=10 (full 0):
 garbage-first heap   total 98304K, used 75299K [0x00000000c0000000, 0x0000000100000000)
  region size 1024K, 39 young (39936K), 5 survivors (5120K)
 Metaspace       used 42355K, capacity 43472K, committed 43520K, reserved 1087488K
  class space    used 5428K, capacity 5845K, committed 5888K, reserved 1048576K
}
Event: 22.554 GC heap after
{Heap after GC invocations=11 (full 0):
 garbage-first heap   total 98304K, used 40335K [0x00000000c0000000, 0x0000000100000000)
  region size 1024K, 2 young (2048K), 2 survivors (2048K)
 Metaspace       used 42355K, capacity 43472K, committed 43520K, reserved 1087488K
  class space    used 5428K, capacity 5845K, committed 5888K, reserved 1048576K
}
Event: 23.303 GC heap before
{Heap before GC invocations=11 (full 0):
 garbage-first heap   total 98304K, used 78223K [0x00000000c0000000, 0x0000000100000000)
  region size 1024K, 36 young (36864K), 2 survivors (2048K)
 Metaspace       used 44999K, capacity 46283K, committed 46336K, reserved 1089536K
  class space    used 5671K, capacity 6132K, committed 6144K, reserved 1048576K
}
Event: 23.307 GC heap after
{Heap after GC invocations=12 (full 0):
 garbage-first heap   total 98304K, used 47013K [0x00000000c0000000, 0x0000000100000000)
  region size 1024K, 5 young (5120K), 5 survivors (5120K)
 Metaspace       used 44999K, capacity 46283K, committed 46336K, reserved 1089536K
  class space    used 5671K, capacity 6132K, committed 6144K, reserved 1048576K
}
Event: 23.647 GC heap before
{Heap before GC invocations=12 (full 0):
 garbage-first heap   total 98304K, used 77733K [0x00000000c0000000, 0x0000000100000000)
  region size 1024K, 35 young (35840K), 5 survivors (5120K)
 Metaspace       used 46338K, capacity 47585K, committed 47872K, reserved 1091584K
  class space    used 5867K, capacity 6288K, committed 6400K, reserved 1048576K
}
Event: 23.653 GC heap after
{Heap after GC invocations=13 (full 0):
 garbage-first heap   total 98304K, used 49624K [0x00000000c0000000, 0x0000000100000000)
  region size 1024K, 3 young (3072K), 3 survivors (3072K)
 Metaspace       used 46338K, capacity 47585K, committed 47872K, reserved 1091584K
  class space    used 5867K, capacity 6288K, committed 6400K, reserved 1048576K
}
Event: 23.698 GC heap before
{Heap before GC invocations=13 (full 0):
 garbage-first heap   total 98304K, used 51672K [0x00000000c0000000, 0x0000000100000000)
  region size 1024K, 6 young (6144K), 3 survivors (3072K)
 Metaspace       used 46526K, capacity 47759K, committed 47872K, reserved 1091584K
  class space    used 5899K, capacity 6325K, committed 6400K, reserved 1048576K
}
Event: 23.702 GC heap after
{Heap after GC invocations=14 (full 0):
 garbage-first heap   total 98304K, used 50128K [0x00000000c0000000, 0x0000000100000000)
  region size 1024K, 1 young (1024K), 1 survivors (1024K)
 Metaspace       used 46526K, capacity 47759K, committed 47872K, reserved 1091584K
  class space    used 5899K, capacity 6325K, committed 6400K, reserved 1048576K
}
Event: 24.025 GC heap before
{Heap before GC invocations=15 (full 0):
 garbage-first heap   total 98304K, used 79824K [0x00000000c0000000, 0x0000000100000000)
  region size 1024K, 26 young (26624K), 1 survivors (1024K)
 Metaspace       used 47762K, capacity 49123K, committed 49408K, reserved 1091584K
  class space    used 6106K, capacity 6568K, committed 6656K, reserved 1048576K
}
Event: 24.028 GC heap after
{Heap after GC invocations=16 (full 0):
 garbage-first heap   total 98304K, used 55459K [0x00000000c0000000, 0x0000000100000000)
  region size 1024K, 2 young (2048K), 2 survivors (2048K)
 Metaspace       used 47762K, capacity 49123K, committed 49408K, reserved 1091584K
  class space    used 6106K, capacity 6568K, committed 6656K, reserved 1048576K
}
Event: 24.392 GC heap before
{Heap before GC invocations=16 (full 0):
 garbage-first heap   total 98304K, used 79011K [0x00000000c0000000, 0x0000000100000000)
  region size 1024K, 25 young (25600K), 2 survivors (2048K)
 Metaspace       used 49510K, capacity 50949K, committed 51200K, reserved 1093632K
  class space    used 6369K, capacity 6835K, committed 6912K, reserved 1048576K
}
Event: 24.397 GC heap after
{Heap after GC invocations=17 (full 0):
 garbage-first heap   total 98304K, used 56401K [0x00000000c0000000, 0x0000000100000000)
  region size 1024K, 3 young (3072K), 3 survivors (3072K)
 Metaspace       used 49510K, capacity 50949K, committed 51200K, reserved 1093632K
  class space    used 6369K, capacity 6835K, committed 6912K, reserved 1048576K
}
Event: 25.159 GC heap before
{Heap before GC invocations=18 (full 0):
 garbage-first heap   total 98304K, used 78929K [0x00000000c0000000, 0x0000000100000000)
  region size 1024K, 26 young (26624K), 3 survivors (3072K)
 Metaspace       used 50347K, capacity 51904K, committed 52096K, reserved 1093632K
  class space    used 6436K, capacity 6955K, committed 7040K, reserved 1048576K
}
Event: 25.164 GC heap after
{Heap after GC invocations=19 (full 0):
 garbage-first heap   total 98304K, used 58143K [0x00000000c0000000, 0x0000000100000000)
  region size 1024K, 3 young (3072K), 3 survivors (3072K)
 Metaspace       used 50347K, capacity 51904K, committed 52096K, reserved 1093632K
  class space    used 6436K, capacity 6955K, committed 7040K, reserved 1048576K
}
Event: 25.449 GC heap before
{Heap before GC invocations=19 (full 0):
 garbage-first heap   total 98304K, used 68383K [0x00000000c0000000, 0x0000000100000000)
  region size 1024K, 15 young (15360K), 3 survivors (3072K)
 Metaspace       used 50700K, capacity 52237K, committed 52352K, reserved 1095680K
  class space    used 6471K, capacity 6995K, committed 7040K, reserved 1048576K
}
Event: 25.457 GC heap after
{Heap after GC invocations=20 (full 0):
 garbage-first heap   total 98304K, used 58818K [0x00000000c0000000, 0x0000000100000000)
  region size 1024K, 3 young (3072K), 3 survivors (3072K)
 Metaspace       used 50700K, capacity 52237K, committed 52352K, reserved 1095680K
  class space    used 6471K, capacity 6995K, committed 7040K, reserved 1048576K
}
Event: 25.664 GC heap before
{Heap before GC invocations=21 (full 0):
 garbage-first heap   total 98304K, used 65986K [0x00000000c0000000, 0x0000000100000000)
  region size 1024K, 7 young (7168K), 3 survivors (3072K)
 Metaspace       used 50710K, capacity 52237K, committed 52352K, reserved 1095680K
  class space    used 6471K, capacity 6995K, committed 7040K, reserved 1048576K
}
Event: 25.672 GC heap after
{Heap after GC invocations=22 (full 0):
 garbage-first heap   total 98304K, used 65774K [0x00000000c0000000, 0x0000000100000000)
  region size 1024K, 4 young (4096K), 4 survivors (4096K)
 Metaspace       used 50710K, capacity 52237K, committed 52352K, reserved 1095680K
  class space    used 6471K, capacity 6995K, committed 7040K, reserved 1048576K
}

