# JRE version: OpenJDK Runtime Environment (11.0.11+9) (build 11.0.11+9-b60-7590822)
# Java VM: OpenJDK 64-Bit Server VM (11.0.11+9-b60-7590822, mixed mode, tiered, compressed oops, g1 gc, windows-amd64)
Heap:
 garbage-first heap   total 98304K, used 27080K [0x0000000080000000, 0x0000000100000000)
  region size 1024K, 13 young (13312K), 4 survivors (4096K)
 Metaspace       used 26552K, capacity 27258K, committed 27440K, reserved 1073152K
  class space    used 3475K, capacity 3705K, committed 3712K, reserved 1048576K
GC Heap History (8 events):
Event: 2.809 GC heap before
{Heap before GC invocations=0 (full 0):
 garbage-first heap   total 98304K, used 29696K [0x0000000080000000, 0x0000000100000000)
  region size 1024K, 24 young (24576K), 0 survivors (0K)
 Metaspace       used 10284K, capacity 10565K, committed 10624K, reserved 1058816K
  class space    used 1073K, capacity 1139K, committed 1152K, reserved 1048576K
}
Event: 2.824 GC heap after
{Heap after GC invocations=1 (full 0):
 garbage-first heap   total 98304K, used 9284K [0x0000000080000000, 0x0000000100000000)
  region size 1024K, 3 young (3072K), 3 survivors (3072K)
 Metaspace       used 10284K, capacity 10565K, committed 10624K, reserved 1058816K
  class space    used 1073K, capacity 1139K, committed 1152K, reserved 1048576K
}
Event: 5.378 GC heap before
{Heap before GC invocations=1 (full 0):
 garbage-first heap   total 98304K, used 64580K [0x0000000080000000, 0x0000000100000000)
  region size 1024K, 57 young (58368K), 3 survivors (3072K)
 Metaspace       used 13961K, capacity 14345K, committed 14464K, reserved 1062912K
  class space    used 1557K, capacity 1654K, committed 1664K, reserved 1048576K
}
Event: 5.388 GC heap after
{Heap after GC invocations=2 (full 0):
 garbage-first heap   total 98304K, used 15360K [0x0000000080000000, 0x0000000100000000)
  region size 1024K, 8 young (8192K), 8 survivors (8192K)
 Metaspace       used 13961K, capacity 14345K, committed 14464K, reserved 1062912K
  class space    used 1557K, capacity 1654K, committed 1664K, reserved 1048576K
}
Event: 7.390 GC heap before
{Heap before GC invocations=2 (full 0):
 garbage-first heap   total 98304K, used 56320K [0x0000000080000000, 0x0000000100000000)
  region size 1024K, 49 young (50176K), 8 survivors (8192K)
 Metaspace       used 20695K, capacity 21194K, committed 21296K, reserved 1069056K
  class space    used 2532K, capacity 2676K, committed 2688K, reserved 1048576K
}
Event: 7.403 GC heap after
{Heap after GC invocations=3 (full 0):
 garbage-first heap   total 98304K, used 17274K [0x0000000080000000, 0x0000000100000000)
  region size 1024K, 3 young (3072K), 3 survivors (3072K)
 Metaspace       used 20695K, capacity 21194K, committed 21296K, reserved 1069056K
  class space    used 2532K, capacity 2676K, committed 2688K, reserved 1048576K
}
Event: 8.331 GC heap before
{Heap before GC invocations=4 (full 0):
 garbage-first heap   total 98304K, used 63354K [0x0000000080000000, 0x0000000100000000)
  region size 1024K, 48 young (49152K), 3 survivors (3072K)
 Metaspace       used 25359K, capacity 26027K, committed 26288K, reserved 1073152K
  class space    used 3278K, capacity 3484K, committed 3584K, reserved 1048576K
}
Event: 8.335 GC heap after
{Heap after GC invocations=5 (full 0):
 garbage-first heap   total 98304K, used 18888K [0x0000000080000000, 0x0000000100000000)
  region size 1024K, 4 young (4096K), 4 survivors (4096K)
 Metaspace       used 25359K, capacity 26027K, committed 26288K, reserved 1073152K
  class space    used 3278K, capacity 3484K, committed 3584K, reserved 1048576K
}

