# JRE version: OpenJDK Runtime Environment (11.0.11+9) (build 11.0.11+9-b60-7590822)
# Java VM: OpenJDK 64-Bit Server VM (11.0.11+9-b60-7590822, mixed mode, tiered, compressed oops, g1 gc, windows-amd64)
Heap:
 garbage-first heap   total 98304K, used 77306K [0x00000000c0000000, 0x0000000100000000)
  region size 1024K, 8 young (8192K), 3 survivors (3072K)
 Metaspace       used 50716K, capacity 52245K, committed 52508K, reserved 1095680K
  class space    used 6471K, capacity 6974K, committed 7116K, reserved 1048576K
GC Heap History (20 events):
Event: 19.855 GC heap before
{Heap before GC invocations=9 (full 0):
 garbage-first heap   total 98304K, used 75418K [0x00000000c0000000, 0x0000000100000000)
  region size 1024K, 39 young (39936K), 5 survivors (5120K)
 Metaspace       used 42322K, capacity 43417K, committed 43676K, reserved 1087488K
  class space    used 5428K, capacity 5846K, committed 5964K, reserved 1048576K
}
Event: 19.862 GC heap after
{Heap after GC invocations=10 (full 0):
 garbage-first heap   total 98304K, used 40249K [0x00000000c0000000, 0x0000000100000000)
  region size 1024K, 2 young (2048K), 2 survivors (2048K)
 Metaspace       used 42322K, capacity 43417K, committed 43676K, reserved 1087488K
  class space    used 5428K, capacity 5846K, committed 5964K, reserved 1048576K
}
Event: 20.699 GC heap before
{Heap before GC invocations=10 (full 0):
 garbage-first heap   total 98304K, used 78137K [0x00000000c0000000, 0x0000000100000000)
  region size 1024K, 36 young (36864K), 2 survivors (2048K)
 Metaspace       used 45122K, capacity 46418K, committed 46748K, reserved 1089536K
  class space    used 5684K, capacity 6133K, committed 6220K, reserved 1048576K
}
Event: 20.703 GC heap after
{Heap after GC invocations=11 (full 0):
 garbage-first heap   total 98304K, used 47050K [0x00000000c0000000, 0x0000000100000000)
  region size 1024K, 5 young (5120K), 5 survivors (5120K)
 Metaspace       used 45122K, capacity 46418K, committed 46748K, reserved 1089536K
  class space    used 5684K, capacity 6133K, committed 6220K, reserved 1048576K
}
Event: 21.113 GC heap before
{Heap before GC invocations=11 (full 0):
 garbage-first heap   total 98304K, used 77770K [0x00000000c0000000, 0x0000000100000000)
  region size 1024K, 35 young (35840K), 5 survivors (5120K)
 Metaspace       used 46446K, capacity 47693K, committed 47900K, reserved 1091584K
  class space    used 5889K, capacity 6322K, committed 6348K, reserved 1048576K
}
Event: 21.120 GC heap after
{Heap after GC invocations=12 (full 0):
 garbage-first heap   total 98304K, used 49671K [0x00000000c0000000, 0x0000000100000000)
  region size 1024K, 3 young (3072K), 3 survivors (3072K)
 Metaspace       used 46446K, capacity 47693K, committed 47900K, reserved 1091584K
  class space    used 5889K, capacity 6322K, committed 6348K, reserved 1048576K
}
Event: 21.137 GC heap before
{Heap before GC invocations=12 (full 0):
 garbage-first heap   total 98304K, used 49671K [0x00000000c0000000, 0x0000000100000000)
  region size 1024K, 4 young (4096K), 3 survivors (3072K)
 Metaspace       used 46511K, capacity 47768K, committed 47900K, reserved 1091584K
  class space    used 5902K, capacity 6326K, committed 6348K, reserved 1048576K
}
Event: 21.141 GC heap after
{Heap after GC invocations=13 (full 0):
 garbage-first heap   total 98304K, used 50159K [0x00000000c0000000, 0x0000000100000000)
  region size 1024K, 1 young (1024K), 1 survivors (1024K)
 Metaspace       used 46511K, capacity 47768K, committed 47900K, reserved 1091584K
  class space    used 5902K, capacity 6326K, committed 6348K, reserved 1048576K
}
Event: 21.510 GC heap before
{Heap before GC invocations=14 (full 0):
 garbage-first heap   total 98304K, used 78831K [0x00000000c0000000, 0x0000000100000000)
  region size 1024K, 25 young (25600K), 1 survivors (1024K)
 Metaspace       used 47682K, capacity 49064K, committed 49180K, reserved 1091584K
  class space    used 6100K, capacity 6568K, committed 6604K, reserved 1048576K
}
Event: 21.514 GC heap after
{Heap after GC invocations=15 (full 0):
 garbage-first heap   total 98304K, used 55425K [0x00000000c0000000, 0x0000000100000000)
  region size 1024K, 2 young (2048K), 2 survivors (2048K)
 Metaspace       used 47682K, capacity 49064K, committed 49180K, reserved 1091584K
  class space    used 6100K, capacity 6568K, committed 6604K, reserved 1048576K
}
Event: 21.979 GC heap before
{Heap before GC invocations=15 (full 0):
 garbage-first heap   total 98304K, used 77953K [0x00000000c0000000, 0x0000000100000000)
  region size 1024K, 24 young (24576K), 2 survivors (2048K)
 Metaspace       used 49471K, capacity 50986K, committed 51356K, reserved 1093632K
  class space    used 6372K, capacity 6867K, committed 6988K, reserved 1048576K
}
Event: 21.984 GC heap after
{Heap after GC invocations=16 (full 0):
 garbage-first heap   total 98304K, used 56684K [0x00000000c0000000, 0x0000000100000000)
  region size 1024K, 1 young (1024K), 1 survivors (1024K)
 Metaspace       used 49471K, capacity 50986K, committed 51356K, reserved 1093632K
  class space    used 6372K, capacity 6867K, committed 6988K, reserved 1048576K
}
Event: 22.938 GC heap before
{Heap before GC invocations=17 (full 0):
 garbage-first heap   total 98304K, used 79212K [0x00000000c0000000, 0x0000000100000000)
  region size 1024K, 23 young (23552K), 1 survivors (1024K)
 Metaspace       used 50267K, capacity 51836K, committed 52124K, reserved 1095680K
  class space    used 6437K, capacity 6953K, committed 6988K, reserved 1048576K
}
Event: 22.941 GC heap after
{Heap after GC invocations=18 (full 0):
 garbage-first heap   total 98304K, used 57931K [0x00000000c0000000, 0x0000000100000000)
  region size 1024K, 3 young (3072K), 3 survivors (3072K)
 Metaspace       used 50267K, capacity 51836K, committed 52124K, reserved 1095680K
  class space    used 6437K, capacity 6953K, committed 6988K, reserved 1048576K
}
Event: 23.326 GC heap before
{Heap before GC invocations=18 (full 0):
 garbage-first heap   total 98304K, used 71243K [0x00000000c0000000, 0x0000000100000000)
  region size 1024K, 18 young (18432K), 3 survivors (3072K)
 Metaspace       used 50671K, capacity 52171K, committed 52508K, reserved 1095680K
  class space    used 6472K, capacity 6993K, committed 7116K, reserved 1048576K
}
Event: 23.335 GC heap after
{Heap after GC invocations=19 (full 0):
 garbage-first heap   total 98304K, used 58791K [0x00000000c0000000, 0x0000000100000000)
  region size 1024K, 3 young (3072K), 3 survivors (3072K)
 Metaspace       used 50671K, capacity 52171K, committed 52508K, reserved 1095680K
  class space    used 6472K, capacity 6993K, committed 7116K, reserved 1048576K
}
Event: 23.497 GC heap before
{Heap before GC invocations=20 (full 0):
 garbage-first heap   total 98304K, used 64935K [0x00000000c0000000, 0x0000000100000000)
  region size 1024K, 7 young (7168K), 3 survivors (3072K)
 Metaspace       used 50681K, capacity 52235K, committed 52508K, reserved 1095680K
  class space    used 6472K, capacity 6993K, committed 7116K, reserved 1048576K
}
Event: 23.505 GC heap after
{Heap after GC invocations=21 (full 0):
 garbage-first heap   total 98304K, used 65519K [0x00000000c0000000, 0x0000000100000000)
  region size 1024K, 3 young (3072K), 3 survivors (3072K)
 Metaspace       used 50681K, capacity 52235K, committed 52508K, reserved 1095680K
  class space    used 6472K, capacity 6993K, committed 7116K, reserved 1048576K
}
Event: 23.612 GC heap before
{Heap before GC invocations=22 (full 0):
 garbage-first heap   total 98304K, used 70639K [0x00000000c0000000, 0x0000000100000000)
  region size 1024K, 7 young (7168K), 3 survivors (3072K)
 Metaspace       used 50681K, capacity 52235K, committed 52508K, reserved 1095680K
  class space    used 6472K, capacity 6993K, committed 7116K, reserved 1048576K
}
Event: 23.616 GC heap after
{Heap after GC invocations=23 (full 0):
 garbage-first heap   total 98304K, used 71162K [0x00000000c0000000, 0x0000000100000000)
  region size 1024K, 3 young (3072K), 3 survivors (3072K)
 Metaspace       used 50681K, capacity 52235K, committed 52508K, reserved 1095680K
  class space    used 6472K, capacity 6993K, committed 7116K, reserved 1048576K
}

