# JRE version: OpenJDK Runtime Environment (11.0.11+9) (build 11.0.11+9-b60-7590822)
# Java VM: OpenJDK 64-Bit Server VM (11.0.11+9-b60-7590822, mixed mode, tiered, compressed oops, g1 gc, windows-amd64)
Heap:
 garbage-first heap   total 98304K, used 69021K [0x0000000080000000, 0x0000000100000000)
  region size 1024K, 37 young (37888K), 3 survivors (3072K)
 Metaspace       used 38465K, capacity 39473K, committed 39808K, reserved 1083392K
  class space    used 4993K, capacity 5389K, committed 5504K, reserved 1048576K
GC Heap History (12 events):
Event: 2.544 GC heap before
{Heap before GC invocations=0 (full 0):
 garbage-first heap   total 98304K, used 29696K [0x0000000080000000, 0x0000000100000000)
  region size 1024K, 24 young (24576K), 0 survivors (0K)
 Metaspace       used 10263K, capacity 10565K, committed 10624K, reserved 1058816K
  class space    used 1073K, capacity 1139K, committed 1152K, reserved 1048576K
}
Event: 2.556 GC heap after
{Heap after GC invocations=1 (full 0):
 garbage-first heap   total 98304K, used 9795K [0x0000000080000000, 0x0000000100000000)
  region size 1024K, 3 young (3072K), 3 survivors (3072K)
 Metaspace       used 10263K, capacity 10565K, committed 10624K, reserved 1058816K
  class space    used 1073K, capacity 1139K, committed 1152K, reserved 1048576K
}
Event: 4.859 GC heap before
{Heap before GC invocations=1 (full 0):
 garbage-first heap   total 98304K, used 65091K [0x0000000080000000, 0x0000000100000000)
  region size 1024K, 57 young (58368K), 3 survivors (3072K)
 Metaspace       used 14011K, capacity 14345K, committed 14464K, reserved 1062912K
  class space    used 1560K, capacity 1654K, committed 1664K, reserved 1048576K
}
Event: 4.868 GC heap after
{Heap after GC invocations=2 (full 0):
 garbage-first heap   total 98304K, used 15203K [0x0000000080000000, 0x0000000100000000)
  region size 1024K, 8 young (8192K), 8 survivors (8192K)
 Metaspace       used 14011K, capacity 14345K, committed 14464K, reserved 1062912K
  class space    used 1560K, capacity 1654K, committed 1664K, reserved 1048576K
}
Event: 11.922 GC heap before
{Heap before GC invocations=2 (full 0):
 garbage-first heap   total 98304K, used 56163K [0x0000000080000000, 0x0000000100000000)
  region size 1024K, 50 young (51200K), 8 survivors (8192K)
 Metaspace       used 20723K, capacity 21194K, committed 21296K, reserved 1069056K
  class space    used 2532K, capacity 2676K, committed 2688K, reserved 1048576K
}
Event: 11.940 GC heap after
{Heap after GC invocations=3 (full 0):
 garbage-first heap   total 98304K, used 17242K [0x0000000080000000, 0x0000000100000000)
  region size 1024K, 3 young (3072K), 3 survivors (3072K)
 Metaspace       used 20723K, capacity 21194K, committed 21296K, reserved 1069056K
  class space    used 2532K, capacity 2676K, committed 2688K, reserved 1048576K
}
Event: 13.530 GC heap before
{Heap before GC invocations=4 (full 0):
 garbage-first heap   total 98304K, used 63322K [0x0000000080000000, 0x0000000100000000)
  region size 1024K, 48 young (49152K), 3 survivors (3072K)
 Metaspace       used 25358K, capacity 26027K, committed 26368K, reserved 1073152K
  class space    used 3272K, capacity 3484K, committed 3584K, reserved 1048576K
}
Event: 13.535 GC heap after
{Heap after GC invocations=5 (full 0):
 garbage-first heap   total 98304K, used 18907K [0x0000000080000000, 0x0000000100000000)
  region size 1024K, 4 young (4096K), 4 survivors (4096K)
 Metaspace       used 25358K, capacity 26027K, committed 26368K, reserved 1073152K
  class space    used 3272K, capacity 3484K, committed 3584K, reserved 1048576K
}
Event: 16.150 GC heap before
{Heap before GC invocations=5 (full 0):
 garbage-first heap   total 98304K, used 76251K [0x0000000080000000, 0x0000000100000000)
  region size 1024K, 52 young (53248K), 4 survivors (4096K)
 Metaspace       used 29694K, capacity 30493K, committed 30720K, reserved 1075200K
  class space    used 3966K, capacity 4252K, committed 4352K, reserved 1048576K
}
Event: 16.159 GC heap after
{Heap after GC invocations=6 (full 0):
 garbage-first heap   total 98304K, used 33324K [0x0000000080000000, 0x0000000100000000)
  region size 1024K, 7 young (7168K), 7 survivors (7168K)
 Metaspace       used 29694K, capacity 30493K, committed 30720K, reserved 1075200K
  class space    used 3966K, capacity 4252K, committed 4352K, reserved 1048576K
}
Event: 17.389 GC heap before
{Heap before GC invocations=6 (full 0):
 garbage-first heap   total 98304K, used 60972K [0x0000000080000000, 0x0000000100000000)
  region size 1024K, 35 young (35840K), 7 survivors (7168K)
 Metaspace       used 35053K, capacity 35911K, committed 35968K, reserved 1081344K
  class space    used 4592K, capacity 4951K, committed 4992K, reserved 1048576K
}
Event: 17.406 GC heap after
{Heap after GC invocations=7 (full 0):
 garbage-first heap   total 98304K, used 35229K [0x0000000080000000, 0x0000000100000000)
  region size 1024K, 3 young (3072K), 3 survivors (3072K)
 Metaspace       used 35053K, capacity 35911K, committed 35968K, reserved 1081344K
  class space    used 4592K, capacity 4951K, committed 4992K, reserved 1048576K
}

